2018-09-10 19:55:48 INFO  Test:84 - Creating a object of Firefox Browser
2018-09-10 19:55:48 INFO  Test:85 - Navigating to http://computer-database.herokuapp.com/computersfor Firefox browser
2018-09-10 19:56:06 INFO  Test:79 - --------Home Page is displayed successfully-----------------
2018-09-10 19:56:07 INFO  Test:155 - --------Add new computer clicked successfully-----------------
2018-09-10 19:56:08 INFO  Test:80 - -----Computer name entered successfully-----
2018-09-10 19:56:09 INFO  Test:89 - -----Introdced date entered successfully-----
2018-09-10 19:56:09 INFO  Test:98 - -----Introdced date entered successfully-----
2018-09-10 19:56:12 INFO  Test:145 - #########Computer found is showing correct count hence new computer added successfully###########
2018-09-10 19:56:12 INFO  Test:162 - #########Success message contains new computer name hence new computer added successfully###########
2018-09-10 19:56:12 INFO  Test:216 - -----Computer name entered successfully in search box-----
2018-09-10 19:56:13 INFO  Test:207 - #########Correct new computer name is displayed in filtered record###########
2018-09-10 19:56:13 INFO  Test:223 - #########Correct Introduced date is displayed in filtered record###########
2018-09-10 19:56:13 INFO  Test:239 - #########Correct Introduced date is displayed in filtered record###########
2018-09-10 19:56:13 INFO  Test:255 - #########Correct new computer name is displayed in filtered record###########
2018-09-10 19:56:19 INFO  Test:84 - Creating a object of Firefox Browser
2018-09-10 19:56:19 INFO  Test:85 - Navigating to http://computer-database.herokuapp.com/computersfor Firefox browser
2018-09-10 19:56:31 INFO  Test:79 - --------Home Page is displayed successfully-----------------
2018-09-10 19:56:32 INFO  Test:155 - --------Add new computer clicked successfully-----------------
2018-09-10 19:56:33 INFO  Test:80 - -----Computer name entered successfully-----
2018-09-10 19:56:33 INFO  Test:89 - -----Introdced date entered successfully-----
2018-09-10 19:56:33 INFO  Test:98 - -----Introdced date entered successfully-----
2018-09-10 19:56:37 INFO  Test:145 - #########Computer found is showing correct count hence new computer added successfully###########
2018-09-10 19:56:37 INFO  Test:162 - #########Success message contains new computer name hence new computer added successfully###########
2018-09-10 19:56:37 INFO  Test:216 - -----Computer name entered successfully in search box-----
2018-09-10 19:56:37 INFO  Test:207 - #########Correct new computer name is displayed in filtered record###########
2018-09-10 19:56:37 INFO  Test:223 - #########Correct Introduced date is displayed in filtered record###########
2018-09-10 19:56:37 INFO  Test:239 - #########Correct Introduced date is displayed in filtered record###########
2018-09-10 19:56:37 INFO  Test:255 - #########Correct new computer name is displayed in filtered record###########
2018-09-10 19:56:39 INFO  Test:84 - Creating a object of Firefox Browser
2018-09-10 19:56:39 INFO  Test:85 - Navigating to http://computer-database.herokuapp.com/computersfor Firefox browser
2018-09-10 19:56:50 INFO  Test:79 - --------Home Page is displayed successfully-----------------
2018-09-10 19:56:51 INFO  Test:155 - --------Add new computer clicked successfully-----------------
2018-09-10 19:56:52 INFO  Test:80 - -----Computer name entered successfully-----
2018-09-10 19:56:52 INFO  Test:89 - -----Introdced date entered successfully-----
2018-09-10 19:56:52 INFO  Test:98 - -----Introdced date entered successfully-----
2018-09-10 19:56:55 INFO  Test:334 - #########User is correctly unable to create new computer due to missing of new computer name###########
2018-09-10 19:56:55 INFO  Test:359 - #########User is correctly unable to create new computer due to missing of new computer name###########
2018-09-10 19:56:57 INFO  Test:84 - Creating a object of Firefox Browser
2018-09-10 19:56:57 INFO  Test:85 - Navigating to http://computer-database.herokuapp.com/computersfor Firefox browser
2018-09-10 19:57:13 INFO  Test:79 - --------Home Page is displayed successfully-----------------
2018-09-10 19:57:13 INFO  Test:155 - --------Add new computer clicked successfully-----------------
2018-09-10 19:57:14 INFO  Test:80 - -----Computer name entered successfully-----
2018-09-10 19:57:14 INFO  Test:89 - -----Introdced date entered successfully-----
2018-09-10 19:57:15 INFO  Test:98 - -----Introdced date entered successfully-----
2018-09-10 19:57:18 INFO  Test:445 - #########User is correctly unable to create new computer due to invalid Introduced Date format###########
2018-09-10 19:57:18 INFO  Test:470 - #########User is correctly unable to create new computer due to invalid Introduced Date format###########
2018-09-10 19:57:19 INFO  Test:84 - Creating a object of Firefox Browser
2018-09-10 19:57:19 INFO  Test:85 - Navigating to http://computer-database.herokuapp.com/computersfor Firefox browser
2018-09-10 19:57:30 INFO  Test:79 - --------Home Page is displayed successfully-----------------
2018-09-10 19:57:31 INFO  Test:155 - --------Add new computer clicked successfully-----------------
2018-09-10 19:57:32 INFO  Test:80 - -----Computer name entered successfully-----
2018-09-10 19:57:32 INFO  Test:89 - -----Introdced date entered successfully-----
2018-09-10 19:57:32 INFO  Test:98 - -----Introdced date entered successfully-----
2018-09-10 19:57:35 INFO  Test:556 - #########User is correctly unable to create new computer due to invalid Introduced Date format###########
2018-09-10 19:57:35 INFO  Test:580 - #########User is correctly unable to create new computer due to invalid Introduced Date format###########
2018-09-10 19:57:37 INFO  Test:84 - Creating a object of Firefox Browser
2018-09-10 19:57:37 INFO  Test:85 - Navigating to http://computer-database.herokuapp.com/computersfor Firefox browser
2018-09-10 19:57:48 INFO  Test:79 - --------Home Page is displayed successfully-----------------
2018-09-10 19:57:48 INFO  Test:155 - --------Add new computer clicked successfully-----------------
2018-09-10 19:57:50 INFO  Test:80 - -----Computer name entered successfully-----
2018-09-10 19:57:50 INFO  Test:89 - -----Introdced date entered successfully-----
2018-09-10 19:57:50 INFO  Test:98 - -----Introdced date entered successfully-----
2018-09-10 19:57:53 INFO  Test:664 - #########User is correctly unable to create new computer due to invalid Introduced Date format###########
2018-09-10 19:57:53 INFO  Test:688 - #########User is correctly unable to create new computer due to invalid Introduced Date format###########
2018-09-10 19:57:54 INFO  Test:84 - Creating a object of Firefox Browser
2018-09-10 19:57:54 INFO  Test:85 - Navigating to http://computer-database.herokuapp.com/computersfor Firefox browser
2018-09-10 19:58:05 INFO  Test:79 - --------Home Page is displayed successfully-----------------
2018-09-10 19:58:06 INFO  Test:155 - --------Add new computer clicked successfully-----------------
2018-09-10 19:58:07 INFO  Test:80 - -----Computer name entered successfully-----
2018-09-10 19:58:07 INFO  Test:89 - -----Introdced date entered successfully-----
2018-09-10 19:58:07 INFO  Test:98 - -----Introdced date entered successfully-----
2018-09-10 19:58:10 INFO  Test:766 - #########User is correctly unable to create new computer due to invalid 'Discontinued Date' format###########
2018-09-10 19:58:10 INFO  Test:791 - #########User is correctly unable to create new computer due to invalid 'Discontinued Date' format###########
2018-09-10 19:58:11 INFO  Test:84 - Creating a object of Firefox Browser
2018-09-10 19:58:11 INFO  Test:85 - Navigating to http://computer-database.herokuapp.com/computersfor Firefox browser
2018-09-10 19:58:22 INFO  Test:79 - --------Home Page is displayed successfully-----------------
2018-09-10 19:58:23 INFO  Test:155 - --------Add new computer clicked successfully-----------------
2018-09-10 19:58:24 INFO  Test:80 - -----Computer name entered successfully-----
2018-09-10 19:58:24 INFO  Test:89 - -----Introdced date entered successfully-----
2018-09-10 19:58:24 INFO  Test:98 - -----Introdced date entered successfully-----
2018-09-10 19:58:27 INFO  Test:871 - #########User is correctly unable to create new computer due to invalid 'Discontinued Date' format###########
2018-09-10 19:58:27 INFO  Test:895 - #########User is correctly unable to create new computer due to invalid 'Discontiuned Date format###########
2018-09-10 19:58:28 INFO  Test:84 - Creating a object of Firefox Browser
2018-09-10 19:58:28 INFO  Test:85 - Navigating to http://computer-database.herokuapp.com/computersfor Firefox browser
2018-09-10 19:58:39 INFO  Test:79 - --------Home Page is displayed successfully-----------------
2018-09-10 19:58:39 INFO  Test:155 - --------Add new computer clicked successfully-----------------
2018-09-10 19:58:40 INFO  Test:80 - -----Computer name entered successfully-----
2018-09-10 19:58:41 INFO  Test:89 - -----Introdced date entered successfully-----
2018-09-10 19:58:41 INFO  Test:98 - -----Introdced date entered successfully-----
2018-09-10 19:58:44 INFO  Test:975 - #########User is correctly unable to create new computer due to invalid Discontinued date format###########
2018-09-10 19:58:44 INFO  Test:999 - #########User is correctly unable to create new computer due to invalid Introduced Date format###########
2018-09-10 19:58:44 INFO  Test:84 - Creating a object of Firefox Browser
2018-09-10 19:58:44 INFO  Test:85 - Navigating to http://computer-database.herokuapp.com/computersfor Firefox browser
2018-09-10 19:58:55 INFO  Test:79 - --------Home Page is displayed successfully-----------------
2018-09-10 19:58:56 INFO  Test:155 - --------Add new computer clicked successfully-----------------
2018-09-10 19:58:57 INFO  Test:80 - -----Computer name entered successfully-----
2018-09-10 19:58:57 INFO  Test:89 - -----Introdced date entered successfully-----
2018-09-10 19:58:57 INFO  Test:98 - -----Introdced date entered successfully-----
2018-09-10 19:59:01 INFO  Test:1077 - #########  No Validation message for 'Discontinued Date' less than 'Introducation Date' is thrown###########
2018-09-10 19:59:01 INFO  Test:1097 - #########No Validation message is thrown as new computer i.e Cosmic Computer Systemscreated###########
2018-09-10 19:59:02 INFO  Test:84 - Creating a object of Firefox Browser
2018-09-10 19:59:02 INFO  Test:85 - Navigating to http://computer-database.herokuapp.com/computersfor Firefox browser
2018-09-10 19:59:13 INFO  Test:79 - --------Home Page is displayed successfully-----------------
2018-09-10 19:59:13 INFO  Test:155 - --------Add new computer clicked successfully-----------------
2018-09-10 19:59:15 INFO  Test:80 - -----Computer name entered successfully-----
2018-09-10 19:59:15 INFO  Test:89 - -----Introdced date entered successfully-----
2018-09-10 19:59:15 INFO  Test:98 - -----Introdced date entered successfully-----
2018-09-10 19:59:18 INFO  Test:1180 - #########User is able to create new computer###########
2018-09-10 19:59:18 INFO  Test:1198 - #########Success message does not contain new computer name hence new computer was NOT added successfully###########
2018-09-10 19:59:19 INFO  Test:84 - Creating a object of Firefox Browser
2018-09-10 19:59:19 INFO  Test:85 - Navigating to http://computer-database.herokuapp.com/computersfor Firefox browser
2018-09-10 19:59:30 INFO  Test:79 - --------Home Page is displayed successfully-----------------
2018-09-10 19:59:30 INFO  Test:155 - --------Add new computer clicked successfully-----------------
2018-09-10 19:59:31 INFO  Test:80 - -----Computer name entered successfully-----
2018-09-10 19:59:32 INFO  Test:89 - -----Introdced date entered successfully-----
2018-09-10 19:59:32 INFO  Test:98 - -----Introdced date entered successfully-----
2018-09-10 19:59:35 INFO  Test:1272 - #########  Validation message for valid 'Discontinued Date' leap year is thrown ####
2018-09-10 19:59:35 INFO  Test:84 - Creating a object of Firefox Browser
2018-09-10 19:59:35 INFO  Test:85 - Navigating to http://computer-database.herokuapp.com/computersfor Firefox browser
2018-09-10 19:59:47 INFO  Test:79 - --------Home Page is displayed successfully-----------------
2018-09-10 19:59:47 INFO  Test:155 - --------Add new computer clicked successfully-----------------
2018-09-10 19:59:49 INFO  Test:80 - -----Computer name entered successfully-----
2018-09-10 19:59:49 INFO  Test:89 - -----Introdced date entered successfully-----
2018-09-10 19:59:49 INFO  Test:98 - -----Introdced date entered successfully-----
2018-09-10 19:59:52 INFO  Test:1351 - #########  Validation message for incorrect 'Introduced Date' is shown ####
2018-09-10 19:59:53 INFO  Test:84 - Creating a object of Firefox Browser
2018-09-10 19:59:53 INFO  Test:85 - Navigating to http://computer-database.herokuapp.com/computersfor Firefox browser
2018-09-10 20:00:03 INFO  Test:131 - --------Sample Application clicked successfully-----------------
2018-09-10 20:00:03 INFO  Test:155 - --------Add new computer clicked successfully-----------------
2018-09-10 20:00:05 INFO  Test:80 - -----Computer name entered successfully-----
2018-09-10 20:00:05 INFO  Test:89 - -----Introdced date entered successfully-----
2018-09-10 20:00:05 INFO  Test:98 - -----Introdced date entered successfully-----
2018-09-10 20:00:08 INFO  Test:1425 - #########User is routed to Home page after clicking on cancel button###########
2018-09-10 20:00:08 INFO  Test:216 - -----Computer name entered successfully in search box-----
2018-09-10 20:00:09 INFO  Test:367 - --------Nothing to display message is displayed-----------------
2018-09-10 20:00:09 INFO  Test:1449 - #########User is routed to Home page after clicking on cancel button###########
2018-09-10 20:00:09 INFO  Test:84 - Creating a object of Firefox Browser
2018-09-10 20:00:09 INFO  Test:85 - Navigating to http://computer-database.herokuapp.com/computersfor Firefox browser
2018-09-10 20:00:21 INFO  Test:131 - --------Sample Application clicked successfully-----------------
2018-09-10 20:00:21 INFO  Test:155 - --------Add new computer clicked successfully-----------------
2018-09-10 20:00:22 INFO  Test:131 - --------Sample Application clicked successfully-----------------
2018-09-10 20:00:22 INFO  Test:1504 - #########User is routed to Home page after clicking on sample application link###########
2018-09-10 20:00:23 INFO  Test:84 - Creating a object of Firefox Browser
2018-09-10 20:00:23 INFO  Test:85 - Navigating to http://computer-database.herokuapp.com/computersfor Firefox browser
2018-09-10 20:00:33 INFO  Test:79 - --------Home Page is displayed successfully-----------------
2018-09-10 20:00:33 INFO  Test:216 - -----Computer name entered successfully in search box-----
2018-09-10 20:00:34 INFO  Test:91 - ######### Existing computer searched successfully ###########
2018-09-10 20:00:35 INFO  Test:84 - Creating a object of Firefox Browser
2018-09-10 20:00:35 INFO  Test:85 - Navigating to http://computer-database.herokuapp.com/computersfor Firefox browser
2018-09-10 20:00:45 INFO  Test:79 - --------Home Page is displayed successfully-----------------
2018-09-10 20:00:45 INFO  Test:216 - -----Computer name entered successfully in search box-----
2018-09-10 20:00:46 INFO  Test:367 - --------Nothing to display message is displayed-----------------
2018-09-10 20:00:46 INFO  Test:141 - #########Non existing computer can not be searched as 'Nothing to display' message is displayed###########
2018-09-10 20:00:46 INFO  Test:84 - Creating a object of Firefox Browser
2018-09-10 20:00:46 INFO  Test:85 - Navigating to http://computer-database.herokuapp.com/computersfor Firefox browser
2018-09-10 20:00:57 INFO  Test:79 - --------Home Page is displayed successfully-----------------
2018-09-10 20:00:57 INFO  Test:216 - -----Computer name entered successfully in search box-----
2018-09-10 20:01:00 INFO  Test:222 - #########Non existing computer can not be searched as 'Nothing to display' message is displayed###########
2018-09-10 20:01:01 INFO  Test:84 - Creating a object of Firefox Browser
2018-09-10 20:01:01 INFO  Test:85 - Navigating to http://computer-database.herokuapp.com/computersfor Firefox browser
2018-09-10 20:01:20 INFO  Test:79 - --------Home Page is displayed successfully-----------------
2018-09-10 20:01:21 INFO  Test:216 - -----Computer name entered successfully in search box-----
2018-09-10 20:01:26 INFO  Test:84 - #########Success message correctly displays about computer deletion###########
2018-09-10 20:01:26 INFO  Test:216 - -----Computer name entered successfully in search box-----
2018-09-10 20:01:26 INFO  Test:367 - --------Nothing to display message is displayed-----------------
2018-09-10 20:01:26 INFO  Test:105 - #########Deleted computer can not be searched as 'Nothing to display' message is displayed###########
2018-09-10 20:01:27 INFO  Test:84 - Creating a object of Firefox Browser
2018-09-10 20:01:27 INFO  Test:85 - Navigating to http://computer-database.herokuapp.com/computersfor Firefox browser
2018-09-10 20:01:38 INFO  Test:79 - --------Home Page is displayed successfully-----------------
2018-09-10 20:01:38 INFO  Test:216 - -----Computer name entered successfully in search box-----
2018-09-10 20:01:42 INFO  Test:102 - -----Computer name entered successfully-----
2018-09-10 20:01:42 INFO  Test:111 - -----Introdced date entered successfully-----
2018-09-10 20:01:42 INFO  Test:120 - -----Introdced date entered successfully-----
2018-09-10 20:01:46 INFO  Test:121 - #########Success message contains updated computer name hence computer updated successfully###########
2018-09-10 20:01:46 INFO  Test:216 - -----Computer name entered successfully in search box-----
2018-09-10 20:01:46 INFO  Test:164 - #########Correct updated 'computer name' is displayed in filtered record###########
2018-09-10 20:01:46 INFO  Test:180 - #########Correct updated Introduced date is displayed in filtered record###########
2018-09-10 20:01:46 INFO  Test:196 - #########Correct updated Introduced date is displayed in filtered record###########
2018-09-10 20:01:46 INFO  Test:212 - #########Correct updated 'company name' is displayed in filtered record###########
